Sept 29, 2025 4:58:08 PM src.VirtualClassroomApp run
INFO: Application started
Sept 29, 2025 5:11:11 PM src.VirtualClassroomApp handleInput
INFO: Classroom added: Math101
Sept 29, 2025 5:12:55 PM src.VirtualClassroomApp handleInput
INFO: Student enrolled: S001 in Math101
Sept 29, 2025 5:13:05 PM src.VirtualClassroomApp handleInput
INFO: Student enrolled: S002 in Math101\
Sept 29, 2025 5:13:12 PM src.VirtualClassroomApp handleInput
INFO: Student enrolled: S002 in Math101
Sept 29, 2025 5:13:33 PM src.VirtualClassroomApp handleInput
INFO: Assignment scheduled: Assignment1:Read Chapter 1 for Math101
Sept 29, 2025 5:13:53 PM src.VirtualClassroomApp handleInput
INFO: Assignment submitted: Assignment1:Read Chapter 1 by S001 in Math101
Sept 29, 2025 5:14:00 PM src.VirtualClassroomApp handleInput
INFO: Assignment submitted: Assignment1:Read Chapter 1 by S002 in Math101
Sept 29, 2025 5:14:07 PM src.VirtualClassroomApp handleInput
INFO: Classroom removed: Math101
Sept 29, 2025 5:19:37 PM src.VirtualClassroomApp run
INFO: Application stopped
Sept 29, 2025 5:20:03 PM src.VirtualClassroomApp run
INFO: Application started
Sept 29, 2025 5:23:48 PM src.VirtualClassroomApp handleInput
INFO: Classroom added: Maths
Sept 29, 2025 5:24:08 PM src.VirtualClassroomApp handleInput
INFO: Student enrolled: S001 in Maths
Sept 29, 2025 5:33:43 PM src.VirtualClassroomApp run
INFO: Application stopped
Sept 29, 2025 5:33:54 PM src.VirtualClassroomApp run
INFO: Application started
Sept 29, 2025 5:40:06 PM src.VirtualClassroomApp run
INFO: Application stopped
Sept 29, 2025 5:41:14 PM src.VirtualClassroomApp run
INFO: Application started
